[debug] [2025-03-23T16:13:53.510Z] ----------------------------------------------------------------------
[debug] [2025-03-23T16:13:53.513Z] Command:       C:\Program Files\nodejs\node.exe C:\Users\vises\AppData\Roaming\npm\node_modules\firebase-tools\lib\bin\firebase.js init
[debug] [2025-03-23T16:13:53.513Z] CLI Version:   13.35.1
[debug] [2025-03-23T16:13:53.514Z] Platform:      win32
[debug] [2025-03-23T16:13:53.514Z] Node Version:  v22.14.0
[debug] [2025-03-23T16:13:53.514Z] Time:          Sun Mar 23 2025 21:43:53 GMT+0530 (India Standard Time)
[debug] [2025-03-23T16:13:53.514Z] ----------------------------------------------------------------------
[debug] 
[debug] [2025-03-23T16:13:53.520Z] > command requires scopes: ["email","openid","https://www.googleapis.com/auth/cloudplatformprojects.readonly","https://www.googleapis.com/auth/firebase","https://www.googleapis.com/auth/cloud-platform"]
[debug] [2025-03-23T16:13:53.520Z] > authorizing via signed-in user (viseshh007@gmail.com)
[info] 
     ######## #### ########  ######## ########     ###     ######  ########
     ##        ##  ##     ## ##       ##     ##  ##   ##  ##       ##
     ######    ##  ########  ######   ########  #########  ######  ######
     ##        ##  ##    ##  ##       ##     ## ##     ##       ## ##
     ##       #### ##     ## ######## ########  ##     ##  ######  ########

You're about to initialize a Firebase project in this directory:

  C:\Users\vises\OneDrive\Desktop\Educational\Original\Frontend

[info] 
=== Project Setup
[info] 
[info] First, let's associate this project directory with a Firebase project.
[info] You can create multiple project aliases by running firebase use --add, 
[info] but for now we'll just set up a default project.
[info] 
[debug] [2025-03-23T16:15:57.453Z] Checked if tokens are valid: true, expires at: 1742749758024
[debug] [2025-03-23T16:15:57.453Z] Checked if tokens are valid: true, expires at: 1742749758024
[debug] [2025-03-23T16:15:57.454Z] >>> [apiv2][query] GET https://firebase.googleapis.com/v1beta1/projects pageSize=100
[debug] [2025-03-23T16:15:59.848Z] <<< [apiv2][status] GET https://firebase.googleapis.com/v1beta1/projects 200
[debug] [2025-03-23T16:15:59.849Z] <<< [apiv2][body] GET https://firebase.googleapis.com/v1beta1/projects [omitted]
[info] i  Using project edu-hub-f0ad8 (Edu Hub) 
[info] 
=== Hosting Setup
[debug] [2025-03-23T16:17:16.515Z] Checked if tokens are valid: true, expires at: 1742749758024
[debug] [2025-03-23T16:17:16.515Z] Checked if tokens are valid: true, expires at: 1742749758024
[debug] [2025-03-23T16:17:16.515Z] >>> [apiv2][query] GET https://firebase.googleapis.com/v1beta1/projects/edu-hub-f0ad8 [none]
[debug] [2025-03-23T16:17:16.903Z] <<< [apiv2][status] GET https://firebase.googleapis.com/v1beta1/projects/edu-hub-f0ad8 200
[debug] [2025-03-23T16:17:16.903Z] <<< [apiv2][body] GET https://firebase.googleapis.com/v1beta1/projects/edu-hub-f0ad8 {"projectId":"edu-hub-f0ad8","projectNumber":"506338961537","displayName":"Edu Hub","name":"projects/edu-hub-f0ad8","resources":{"hostingSite":"edu-hub-f0ad8"},"state":"ACTIVE","etag":"1_b0164683-b715-45c6-a41e-2702eb4ba36f"}
[info] 
[info] Your public directory is the folder (relative to your project directory) that
[info] will contain Hosting assets to be uploaded with firebase deploy. If you
[info] have a build process for your assets, use your build's output directory.
[info] 
[debug] [2025-03-23T16:19:54.425Z] >>> [apiv2][query] GET https://www.gstatic.com/firebasejs/releases.json [none]
[debug] [2025-03-23T16:19:55.722Z] <<< [apiv2][status] GET https://www.gstatic.com/firebasejs/releases.json 200
[debug] [2025-03-23T16:19:55.722Z] <<< [apiv2][body] GET https://www.gstatic.com/firebasejs/releases.json {"current":{"version":"11.5.0","browserURL":"https://www.gstatic.com/firebasejs/11.5.0/firebase.js","packageURL":"https://www.gstatic.com/firebasejs/11.5.0/firebase.tgz"},"live":{"version":"11.5","browserURL":"https://www.gstatic.com/firebasejs/live/11.5/firebase.js","packageURL":"https://www.gstatic.com/firebasejs/live/11.5/firebase.tgz"},"components":{"analytics":"https://www.gstatic.com/firebasejs/11.5.0/firebase-analytics.js","app":"https://www.gstatic.com/firebasejs/11.5.0/firebase-app.js","app-check":"https://www.gstatic.com/firebasejs/11.5.0/firebase-app-check.js","auth":"https://www.gstatic.com/firebasejs/11.5.0/firebase-auth.js","auth/cordova":"https://www.gstatic.com/firebasejs/11.5.0/firebase-auth/cordova.js","auth/web-extension":"https://www.gstatic.com/firebasejs/11.5.0/firebase-auth/web-extension.js","functions":"https://www.gstatic.com/firebasejs/11.5.0/firebase-functions.js","firestore":"https://www.gstatic.com/firebasejs/11.5.0/firebase-firestore.js","firestore/lite":"https://www.gstatic.com/firebasejs/11.5.0/firebase-firestore/lite.js","installations":"https://www.gstatic.com/firebasejs/11.5.0/firebase-installations.js","storage":"https://www.gstatic.com/firebasejs/11.5.0/firebase-storage.js","performance":"https://www.gstatic.com/firebasejs/11.5.0/firebase-performance.js","remote-config":"https://www.gstatic.com/firebasejs/11.5.0/firebase-remote-config.js","messaging":"https://www.gstatic.com/firebasejs/11.5.0/firebase-messaging.js","messaging/sw":"https://www.gstatic.com/firebasejs/11.5.0/firebase-messaging/sw.js","database":"https://www.gstatic.com/firebasejs/11.5.0/firebase-database.js","vertexai":"https://www.gstatic.com/firebasejs/11.5.0/firebase-vertexai.js","data-connect":"https://www.gstatic.com/firebasejs/11.5.0/firebase-data-connect.js","firestore.memory":"https://www.gstatic.com/firebasejs/11.5.0/firebase-firestore.memory.js"}}
[debug] [2025-03-23T16:19:59.282Z] Error: Path contains invalid characters: C:\Users\vises\OneDrive\Desktop\Educational\Original\Frontend\C:\Server
    at checkPath (C:\Users\vises\AppData\Roaming\npm\node_modules\firebase-tools\node_modules\fs-extra\lib\mkdirs\utils.js:16:21)
    at module.exports.makeDirSync (C:\Users\vises\AppData\Roaming\npm\node_modules\firebase-tools\node_modules\fs-extra\lib\mkdirs\make-dir.js:21:3)
    at Object.createFileSync (C:\Users\vises\AppData\Roaming\npm\node_modules\firebase-tools\node_modules\fs-extra\lib\ensure\file.js:59:45)
    at Config.writeProjectFile (C:\Users\vises\AppData\Roaming\npm\node_modules\firebase-tools\lib\config.js:159:12)
    at C:\Users\vises\AppData\Roaming\npm\node_modules\firebase-tools\lib\config.js:193:22
    at process.processTicksAndRejections (node:internal/process/task_queues:105:5)
    at async doSetup (C:\Users\vises\AppData\Roaming\npm\node_modules\firebase-tools\lib\init\features\hosting\index.js:177:9)
    at async init (C:\Users\vises\AppData\Roaming\npm\node_modules\firebase-tools\lib\init\index.js:41:9)
[error] 
[error] Error: An unexpected error has occurred.
